<?xml version="1.0" encoding="UTF-8"?>
<!-- Generated by org.testng.reporters.JUnitReportReporter -->
<testsuite hostname="DESKTOP-9RD4QFC" failures="0" tests="1" name="palywright.incognito" time="6.727" errors="0" timestamp="2024-08-02T14:56:18 IST" skipped="0">
  <testcase classname="palywright.incognito" name="setUp" time="6.727"/>
</testsuite> <!-- palywright.incognito -->
