<?xml version="1.0" encoding="UTF-8"?>
<!-- Generated by org.testng.reporters.JUnitReportReporter -->
<testsuite hostname="DESKTOP-9RD4QFC" failures="0" tests="4" name="testng.SampleExtendReport" time="75.559" errors="0" timestamp="2024-04-04T11:23:50 IST" skipped="0">
  <testcase classname="testng.SampleExtendReport" name="fbTitle" time="13.144"/>
  <testcase classname="testng.SampleExtendReport" name="loginscript" time="14.311"/>
  <testcase classname="testng.SampleExtendReport" name="forgotpassword" time="32.773"/>
  <testcase classname="testng.SampleExtendReport" name="createaccount" time="15.331"/>
</testsuite> <!-- testng.SampleExtendReport -->
